#
# A fatal error has been detected by the Java Runtime Environment:
#
#  SIGSEGV (0xb) at pc=0x00007f9355b471f5, pid=23635, tid=140270689343232
#
# JRE version: 6.0_25-b06
# Java VM: Java HotSpot(TM) 64-Bit Server VM (20.0-b11 mixed mode linux-amd64 compressed oops)
# Problematic frame:
# V  [libjvm.so+0x2321f5]  Stack<oopDesc*>::push(oopDesc*)+0x25
#
# If you would like to submit a bug report, please visit:
#   http://java.sun.com/webapps/bugreport/crash.jsp
#

---------------  T H R E A D  ---------------

Current thread (0x00000000402b1800):  VMThread [stack: 0x00007f93508c5000,0x00007f93509c6000] [id=23639]

siginfo:si_signo=SIGSEGV: si_errno=0, si_code=1 (SEGV_MAPERR), si_addr=0x00000000000000d8

Registers:
RAX=0x0000000000000000, RBX=0x00007f93564ec680, RCX=0x0000000000000000, RDX=0x000000000000001b
RSP=0x00007f93509c4660, RBP=0x00007f93509c4670, RSI=0x00000000be9a2f60, RDI=0x00007f93564ec680
R8 =0x00007f93563b6ee0, R9 =0x00007f93509c4794, R10=0x0000000000000390, R11=0x00007f93514ead80
R12=0x00000000be9a2f60, R13=0x00007f93514eaf33, R14=0x00007f93514eac10, R15=0x00007f93564ec920
RIP=0x00007f9355b471f5, EFLAGS=0x0000000000010297, CSGSFS=0x0000000000000033, ERR=0x0000000000000006
  TRAPNO=0x000000000000000e

Top of Stack: (sp=0x00007f93509c4660)
0x00007f93509c4660:   00000000be9a2f60 0000000000000001
0x00007f93509c4670:   00007f93509c46a0 00007f9355fb1088
0x00007f93509c4680:   00007f93514eafa0 0000000000000003
0x00007f93509c4690:   00007f93563ab010 00007f93564ec9c0
0x00007f93509c46a0:   00007f93509c46e0 00007f9355ffdf3d
0x00007f93509c46b0:   00007f93509c4710 00007f93509c4780
0x00007f93509c46c0:   00007f93509c4710 00007f93514eac10
0x00007f93509c46d0:   00007f93564ec9c0 00007f93563b2970
0x00007f93509c46e0:   00007f93509c47e0 00007f9355ffe3d5
0x00007f93509c46f0:   00007f93564ec901 00007f93514ead90
0x00007f93509c4700:   00007f93509c4780 00007f93564ec920
0x00007f93509c4710:   0000000000000000 00007f93514ead5a
0x00007f93509c4720:   00007f93514ead78 00007f93514eac10
0x00007f93509c4730:   00007f93514eaf31 00007f9355e50001
0x00007f93509c4740:   00007f93514ead52 000001307f000000
0x00007f93509c4750:   00007f93514ead80 00007f93514ead80
0x00007f93509c4760:   00007f93514eafa0 00007f93514ead80
0x00007f93509c4770:   00007f93514eafa0 00007f93514eafc8
0x00007f93509c4780:   00007f93563b28b0 00007f93509c4710
0x00007f93509c4790:   0000000000000000 0000000040279850
0x00007f93509c47a0:   0000006b564ec9c0 00000000402794c0
0x00007f93509c47b0:   00007f93564ec938 00007f93563ad730
0x00007f93509c47c0:   00007f93514eac10 00007f93564ec9c0
0x00007f93509c47d0:   00007f93564ec920 0000000000000000
0x00007f93509c47e0:   00007f93509c4820 00007f9355c9b986
0x00007f93509c47f0:   00007f93509c4860 00007f93564ec920
0x00007f93509c4800:   00007f93509c4850 00007f93564ec9c0
0x00007f93509c4810:   00007f93509c4860 0000000040265910
0x00007f93509c4820:   00007f93509c48c0 00007f935606ad0e
0x00007f93509c4830:   00007f93563a5330 00007fff6464d700
0x00007f93509c4840:   00007f93564ec920 0000000000000001
0x00007f93509c4850:   0000000000000001 00007f93565b7601 

Instructions: (pc=0x00007f9355b471f5)
0x00007f9355b471d5:   83 ec 10 48 89 1c 24 4c 89 64 24 08 48 89 fb 48
0x00007f9355b471e5:   8b 57 20 49 89 f4 48 3b 57 08 74 17 48 8b 4b 38
0x00007f9355b471f5:   4c 89 24 d1 4c 8b 64 24 08 48 ff 43 20 48 8b 1c
0x00007f9355b47205:   24 c9 c3 e8 83 00 00 00 48 8b 53 20 eb de 66 66 

Register to memory mapping:

RAX=0x0000000000000000 is an unknown value
RBX=0x00007f93564ec680: <offset 0xbd7680> in /usr/lib/jvm/java-6-sun-1.6.0.25/jre/lib/amd64/server/libjvm.so at 0x00007f9355915000
RCX=0x0000000000000000 is an unknown value
RDX=0x000000000000001b is an unknown value
RSP=0x00007f93509c4660 is an unknown value
RBP=0x00007f93509c4670 is an unknown value
RSI=0x00000000be9a2f60 is an oop
{compiledICHolder} 
 - klass: {other class}
 - method: {method} 'tryRelease' '(I)Z' in 'java/util/concurrent/locks/ReentrantReadWriteLock$Sync'
 - klass:  'java/util/concurrent/locks/ReentrantReadWriteLock$NonfairSync'
RDI=0x00007f93564ec680: <offset 0xbd7680> in /usr/lib/jvm/java-6-sun-1.6.0.25/jre/lib/amd64/server/libjvm.so at 0x00007f9355915000
R8 =0x00007f93563b6ee0: <offset 0xaa1ee0> in /usr/lib/jvm/java-6-sun-1.6.0.25/jre/lib/amd64/server/libjvm.so at 0x00007f9355915000
R9 =0x00007f93509c4794 is an unknown value
R10=0x0000000000000390 is an unknown value
R11=0x00007f93514eac10 [CodeBlob (0x00007f93514eac10)]
Framesize: 12
R12=0x00000000be9a2f60 is an oop
{compiledICHolder} 
 - klass: {other class}
 - method: {method} 'tryRelease' '(I)Z' in 'java/util/concurrent/locks/ReentrantReadWriteLock$Sync'
 - klass:  'java/util/concurrent/locks/ReentrantReadWriteLock$NonfairSync'
R13=0x00007f93514eac10 [CodeBlob (0x00007f93514eac10)]
Framesize: 12
R14=0x00007f93514eac10 [CodeBlob (0x00007f93514eac10)]
Framesize: 12
R15=0x00007f93564ec920: <offset 0xbd7920> in /usr/lib/jvm/java-6-sun-1.6.0.25/jre/lib/amd64/server/libjvm.so at 0x00007f9355915000


Stack: [0x00007f93508c5000,0x00007f93509c6000],  sp=0x00007f93509c4660,  free space=1021k
Native frames: (J=compiled Java code, j=interpreted, Vv=VM code, C=native code)
V  [libjvm.so+0x2321f5]  Stack<oopDesc*>::push(oopDesc*)+0x25
V  [libjvm.so+0x69c088]  MarkSweep::MarkAndPushClosure::do_oop(oopDesc**)+0x78
V  [libjvm.so+0x6e8f3d]  nmethod::can_unload(BoolObjectClosure*, OopClosure*, oopDesc**, bool)+0xdd
V  [libjvm.so+0x6e93d5]  nmethod::do_unloading(BoolObjectClosure*, OopClosure*, bool)+0x2c5
V  [libjvm.so+0x386986]  CodeCache::do_unloading(BoolObjectClosure*, OopClosure*, bool)+0x96
V  [libjvm.so+0x755d0e]  PSMarkSweep::mark_sweep_phase1(bool)+0x14e
V  [libjvm.so+0x754b51]  PSMarkSweep::invoke_no_policy(bool)+0x481
V  [libjvm.so+0x7616b7]  PSScavenge::invoke()+0x147
V  [libjvm.so+0x72369e]  ParallelScavengeHeap::failed_mem_allocate(unsigned long, bool)+0x5e
V  [libjvm.so+0x860298]  VM_ParallelGCFailedAllocation::doit()+0x68
V  [libjvm.so+0x86d68a]  VM_Operation::evaluate()+0x4a
V  [libjvm.so+0x86cc72]  VMThread::evaluate_operation(VM_Operation*)+0x82
V  [libjvm.so+0x86cee3]  VMThread::loop()+0x193
V  [libjvm.so+0x86c9ee]  VMThread::run()+0x6e
V  [libjvm.so+0x71096f]  java_start(Thread*)+0x13f

VM_Operation (0x00007f934def03d0): ParallelGCFailedAllocation, mode: safepoint, requested by thread 0x00007f9348196800


---------------  P R O C E S S  ---------------

Java Threads: ( => current thread )
  0x000000004076b800 JavaThread "TimerQueue" daemon [_thread_blocked, id=23657, stack(0x00007f934dad4000,0x00007f934dbd5000)]
  0x00007f934819a000 JavaThread "DestroyJavaVM" [_thread_blocked, id=23636, stack(0x00007f9355592000,0x00007f9355693000)]
  0x00007f9348196800 JavaThread "AWT-EventQueue-0" [_thread_blocked, id=23655, stack(0x00007f934ddf4000,0x00007f934def5000)]
  0x00007f93480ad800 JavaThread "AWT-Shutdown" [_thread_blocked, id=23654, stack(0x00007f934dff9000,0x00007f934e0fa000)]
  0x00007f93480ac800 JavaThread "AWT-XAWT" daemon [_thread_blocked, id=23653, stack(0x00007f934e0fa000,0x00007f934e1fb000)]
  0x00007f9348009000 JavaThread "Java2D Disposer" daemon [_thread_blocked, id=23652, stack(0x00007f934e82a000,0x00007f934e92b000)]
  0x0000000040302800 JavaThread "Low Memory Detector" daemon [_thread_blocked, id=23650, stack(0x00007f934feb8000,0x00007f934ffb9000)]
  0x00000000402fd800 JavaThread "C2 CompilerThread1" daemon [_thread_blocked, id=23649, stack(0x00007f934ffb9000,0x00007f93500ba000)]
  0x00000000402fa800 JavaThread "C2 CompilerThread0" daemon [_thread_blocked, id=23648, stack(0x00007f93500ba000,0x00007f93501bb000)]
  0x00000000402eb000 JavaThread "JDWP Event Helper Thread" daemon [_thread_blocked, id=23646, stack(0x00007f93502bc000,0x00007f93503bd000)]
  0x00000000402e7000 JavaThread "JDWP Transport Listener: dt_socket" daemon [_thread_in_native, id=23643, stack(0x00007f93503bd000,0x00007f93504be000)]
  0x00000000402db800 JavaThread "Signal Dispatcher" daemon [_thread_blocked, id=23642, stack(0x00007f93505c2000,0x00007f93506c3000)]
  0x00000000402ba000 JavaThread "Finalizer" daemon [_thread_blocked, id=23641, stack(0x00007f93506c3000,0x00007f93507c4000)]
  0x00000000402b8000 JavaThread "Reference Handler" daemon [_thread_blocked, id=23640, stack(0x00007f93507c4000,0x00007f93508c5000)]

Other Threads:
=>0x00000000402b1800 VMThread [stack: 0x00007f93508c5000,0x00007f93509c6000] [id=23639]
  0x000000004030d000 WatcherThread [stack: 0x00007f934fdb7000,0x00007f934feb8000] [id=23651]

VM state:at safepoint (normal execution)

VM Mutex/Monitor currently owned by a thread:  ([mutex/lock_event])
[0x0000000040254640] Threads_lock - owner thread: 0x00000000402b1800
[0x0000000040254b40] Heap_lock - owner thread: 0x00007f9348196800

Heap
 PSYoungGen      total 223936K, used 112000K [0x00000000eb800000, 0x0000000100000000, 0x0000000100000000)
  eden space 112000K, 100% used [0x00000000eb800000,0x00000000f2560000,0x00000000f2560000)
  from space 111936K, 0% used [0x00000000f92b0000,0x00000000f92b0000,0x0000000100000000)
  to   space 111936K, 0% used [0x00000000f2560000,0x00000000f2560000,0x00000000f92b0000)
 PSOldGen        total 671744K, used 671744K [0x00000000c2800000, 0x00000000eb800000, 0x00000000eb800000)
  object space 671744K, 100% used [0x00000000c2800000,0x00000000eb800000,0x00000000eb800000)
 PSPermGen       total 26880K, used 20703K [0x00000000bd600000, 0x00000000bf040000, 0x00000000c2800000)
  object space 26880K, 77% used [0x00000000bd600000,0x00000000bea37cd8,0x00000000bf040000)

Code Cache  [0x00007f9351446000, 0x00007f93516b6000, 0x00007f9354446000)
 total_blobs=797 nmethods=289 adapters=470 free_code_cache=49017344 largest_free_block=7296

Dynamic libraries:
40000000-40009000 r-xp 00000000 08:05 1188072                            /usr/lib/jvm/java-6-sun-1.6.0.25/jre/bin/java
40108000-4010a000 rwxp 00008000 08:05 1188072                            /usr/lib/jvm/java-6-sun-1.6.0.25/jre/bin/java
4024c000-419aa000 rwxp 00000000 00:00 0                                  [heap]
bd600000-bf040000 rwxp 00000000 00:00 0 
bf040000-c0180000 ---p 00000000 00:00 0 
c0180000-c2800000 rwxp 00000000 00:00 0 
c2800000-eb800000 rwxp 00000000 00:00 0 
eb800000-100000000 rwxp 00000000 00:00 0 
7f9348000000-7f9349397000 rwxp 00000000 00:00 0 
7f9349397000-7f934c000000 ---p 00000000 00:00 0 
7f934cf25000-7f934cf71000 r-xp 00000000 08:05 1188156                    /usr/lib/jvm/java-6-sun-1.6.0.25/jre/lib/amd64/libcmm.so
7f934cf71000-7f934d071000 ---p 0004c000 08:05 1188156                    /usr/lib/jvm/java-6-sun-1.6.0.25/jre/lib/amd64/libcmm.so
7f934d071000-7f934d07e000 rwxp 0004c000 08:05 1188156                    /usr/lib/jvm/java-6-sun-1.6.0.25/jre/lib/amd64/libcmm.so
7f934d07e000-7f934d07f000 rwxp 00000000 00:00 0 
7f934d07f000-7f934d424000 rwxs 00000000 00:04 41156627                   /SYSV00000000 (deleted)
7f934d424000-7f934d43a000 r-xp 00000000 08:05 1188184                    /usr/lib/jvm/java-6-sun-1.6.0.25/jre/lib/amd64/libdcpr.so
7f934d43a000-7f934d53c000 ---p 00016000 08:05 1188184                    /usr/lib/jvm/java-6-sun-1.6.0.25/jre/lib/amd64/libdcpr.so
7f934d53c000-7f934d554000 rwxp 00018000 08:05 1188184                    /usr/lib/jvm/java-6-sun-1.6.0.25/jre/lib/amd64/libdcpr.so
7f934d69f000-7f934d6cb000 r-xp 00000000 08:05 1188146                    /usr/lib/jvm/java-6-sun-1.6.0.25/jre/lib/amd64/libjpeg.so
7f934d6cb000-7f934d7cb000 ---p 0002c000 08:05 1188146                    /usr/lib/jvm/java-6-sun-1.6.0.25/jre/lib/amd64/libjpeg.so
7f934d7cb000-7f934d7d1000 rwxp 0002c000 08:05 1188146                    /usr/lib/jvm/java-6-sun-1.6.0.25/jre/lib/amd64/libjpeg.so
7f934d7d1000-7f934d7d4000 ---p 00000000 00:00 0 
7f934d7d4000-7f934d8d2000 rwxp 00000000 00:00 0 
7f934d8d2000-7f934d8d5000 ---p 00000000 00:00 0 
7f934d8d5000-7f934d9d3000 rwxp 00000000 00:00 0 
7f934d9d3000-7f934d9d6000 ---p 00000000 00:00 0 
7f934d9d6000-7f934dad4000 rwxp 00000000 00:00 0 
7f934dad4000-7f934dad7000 ---p 00000000 00:00 0 
7f934dad7000-7f934dbd5000 rwxp 00000000 00:00 0 
7f934dbd5000-7f934dbdc000 r-xp 00000000 08:05 1188157                    /usr/lib/jvm/java-6-sun-1.6.0.25/jre/lib/amd64/libnio.so
7f934dbdc000-7f934dcdb000 ---p 00007000 08:05 1188157                    /usr/lib/jvm/java-6-sun-1.6.0.25/jre/lib/amd64/libnio.so
7f934dcdb000-7f934dcdd000 rwxp 00006000 08:05 1188157                    /usr/lib/jvm/java-6-sun-1.6.0.25/jre/lib/amd64/libnio.so
7f934dcdd000-7f934dcf0000 r-xp 00000000 08:05 1188164                    /usr/lib/jvm/java-6-sun-1.6.0.25/jre/lib/amd64/libnet.so
7f934dcf0000-7f934ddf1000 ---p 00013000 08:05 1188164                    /usr/lib/jvm/java-6-sun-1.6.0.25/jre/lib/amd64/libnet.so
7f934ddf1000-7f934ddf4000 rwxp 00014000 08:05 1188164                    /usr/lib/jvm/java-6-sun-1.6.0.25/jre/lib/amd64/libnet.so
7f934ddf4000-7f934ddf7000 ---p 00000000 00:00 0 
7f934ddf7000-7f934def5000 rwxp 00000000 00:00 0 
7f934def5000-7f934def6000 r-xs 00000000 08:05 808335                     /var/cache/fontconfig/c05880de57d1f5e948fdfacc138775d9-le64.cache-3
7f934def6000-7f934deff000 r-xs 00000000 08:05 808334                     /var/cache/fontconfig/945677eb7aeaf62f1d50efc3fb3ec7d8-le64.cache-3
7f934deff000-7f934df02000 r-xs 00000000 08:05 807249                     /var/cache/fontconfig/ea47318ec9849e1a71e80a5d69d13859-le64.cache-3
7f934df02000-7f934df04000 r-xs 00000000 08:05 806163                     /var/cache/fontconfig/e3fa16a14183b06aa45b3e009278fd14-le64.cache-3
7f934df04000-7f934df07000 r-xs 00000000 08:05 819834                     /var/cache/fontconfig/b5ea634b0fb353b8ea17632d1f9ef766-le64.cache-3
7f934df07000-7f934df0c000 r-xs 00000000 08:05 806161                     /var/cache/fontconfig/6eb3985aa4124903f6ff08ba781cd364-le64.cache-3
7f934df0c000-7f934df1c000 r-xs 00000000 08:05 806158                     /var/cache/fontconfig/d52a8644073d54c13679302ca1180695-le64.cache-3
7f934dfa2000-7f934dfbd000 rwxs 00000000 00:04 41287703                   /SYSV00000000 (deleted)
7f934dfc2000-7f934dfc9000 rwxs 00000000 00:04 41517082                   /SYSV00000000 (deleted)
7f934dfc9000-7f934dfca000 r-xs 00000000 08:05 808335                     /var/cache/fontconfig/c05880de57d1f5e948fdfacc138775d9-le64.cache-3
7f934dfca000-7f934dfd3000 r-xs 00000000 08:05 808334                     /var/cache/fontconfig/945677eb7aeaf62f1d50efc3fb3ec7d8-le64.cache-3
7f934dfd3000-7f934dfd6000 r-xs 00000000 08:05 807249                     /var/cache/fontconfig/ea47318ec9849e1a71e80a5d69d13859-le64.cache-3
7f934dfd6000-7f934dfd8000 r-xs 00000000 08:05 806163                     /var/cache/fontconfig/e3fa16a14183b06aa45b3e009278fd14-le64.cache-3
7f934dfd8000-7f934dfdb000 r-xs 00000000 08:05 819834                     /var/cache/fontconfig/b5ea634b0fb353b8ea17632d1f9ef766-le64.cache-3
7f934dfdb000-7f934dfe0000 r-xs 00000000 08:05 806161                     /var/cache/fontconfig/6eb3985aa4124903f6ff08ba781cd364-le64.cache-3
7f934dfe0000-7f934dfe9000 r-xs 00000000 08:05 806160                     /var/cache/fontconfig/6d41288fd70b0be22e8c3a91e032eec0-le64.cache-3
7f934dfe9000-7f934dff9000 r-xs 00000000 08:05 806158                     /var/cache/fontconfig/d52a8644073d54c13679302ca1180695-le64.cache-3
7f934dff9000-7f934dffc000 ---p 00000000 00:00 0 
7f934dffc000-7f934e0fa000 rwxp 00000000 00:00 0 
7f934e0fa000-7f934e0fd000 ---p 00000000 00:00 0 
7f934e0fd000-7f934e1fb000 rwxp 00000000 00:00 0 
7f934e1fb000-7f934e200000 r-xp 00000000 08:05 787692                     /usr/lib/libXfixes.so.3.1.0
7f934e200000-7f934e400000 ---p 00005000 08:05 787692                     /usr/lib/libXfixes.so.3.1.0
7f934e400000-7f934e401000 rwxp 00005000 08:05 787692                     /usr/lib/libXfixes.so.3.1.0
7f934e401000-7f934e40a000 r-xp 00000000 08:05 792091                     /usr/lib/libXrender.so.1.3.0
7f934e40a000-7f934e60a000 ---p 00009000 08:05 792091                     /usr/lib/libXrender.so.1.3.0
7f934e60a000-7f934e60b000 rwxp 00009000 08:05 792091                     /usr/lib/libXrender.so.1.3.0
7f934e60b000-7f934e614000 r-xp 00000000 08:05 792329                     /usr/lib/libXcursor.so.1.0.2
7f934e614000-7f934e814000 ---p 00009000 08:05 792329                     /usr/lib/libXcursor.so.1.0.2
7f934e814000-7f934e815000 rwxp 00009000 08:05 792329                     /usr/lib/libXcursor.so.1.0.2
7f934e817000-7f934e822000 r-xs 00000000 08:05 795882                     /var/cache/fontconfig/e13b20fdb08344e0e664864cc2ede53d-le64.cache-3
7f934e822000-7f934e824000 r-xs 00011000 08:05 832721                     /home/blackpanther/Dropbox/UnixApps/idea-IU-107.105/lib/idea_rt.jar
7f934e824000-7f934e82a000 r-xs 00034000 08:05 936804                     /home/blackpanther/.m2/repository/junit/junit/4.8.2/junit-4.8.2.jar
7f934e82a000-7f934e82d000 ---p 00000000 00:00 0 
7f934e82d000-7f934e92b000 rwxp 00000000 00:00 0 
7f934e92b000-7f934e9a4000 r-xp 00000000 08:05 1188163                    /usr/lib/jvm/java-6-sun-1.6.0.25/jre/lib/amd64/libfontmanager.so
7f934e9a4000-7f934eaa3000 ---p 00079000 08:05 1188163                    /usr/lib/jvm/java-6-sun-1.6.0.25/jre/lib/amd64/libfontmanager.so
7f934eaa3000-7f934eab8000 rwxp 00078000 08:05 1188163                    /usr/lib/jvm/java-6-sun-1.6.0.25/jre/lib/amd64/libfontmanager.so
7f934eab8000-7f934eac9000 rwxp 00000000 00:00 0 
7f934eac9000-7f934eace000 r-xp 00000000 08:05 792129                     /usr/lib/libXdmcp.so.6.0.0
7f934eace000-7f934eccd000 ---p 00005000 08:05 792129                     /usr/lib/libXdmcp.so.6.0.0
7f934eccd000-7f934ecce000 rwxp 00004000 08:05 792129                     /usr/lib/libXdmcp.so.6.0.0
7f934ecce000-7f934ecd0000 r-xp 00000000 08:05 792077                     /usr/lib/libXau.so.6.0.0
7f934ecd0000-7f934eed0000 ---p 00002000 08:05 792077                     /usr/lib/libXau.so.6.0.0
7f934eed0000-7f934eed1000 rwxp 00002000 08:05 792077                     /usr/lib/libXau.so.6.0.0
7f934eed1000-7f934eeed000 r-xp 00000000 08:05 792080                     /usr/lib/libxcb.so.1.1.0
7f934eeed000-7f934f0ec000 ---p 0001c000 08:05 792080                     /usr/lib/libxcb.so.1.1.0
7f934f0ec000-7f934f0ed000 rwxp 0001b000 08:05 792080                     /usr/lib/libxcb.so.1.1.0
7f934f0ed000-7f934f0fc000 r-xp 00000000 08:05 792333                     /usr/lib/libXi.so.6.1.0
7f934f0fc000-7f934f2fb000 ---p 0000f000 08:05 792333                     /usr/lib/libXi.so.6.1.0
7f934f2fb000-7f934f2fc000 rwxp 0000e000 08:05 792333                     /usr/lib/libXi.so.6.1.0
7f934f2fc000-7f934f301000 r-xp 00000000 08:05 794102                     /usr/lib/libXtst.so.6.1.0
7f934f301000-7f934f501000 ---p 00005000 08:05 794102                     /usr/lib/libXtst.so.6.1.0
7f934f501000-7f934f502000 rwxp 00005000 08:05 794102                     /usr/lib/libXtst.so.6.1.0
7f934f502000-7f934f63e000 r-xp 00000000 08:05 792082                     /usr/lib/libX11.so.6.3.0
7f934f63e000-7f934f83e000 ---p 0013c000 08:05 792082                     /usr/lib/libX11.so.6.3.0
7f934f83e000-7f934f844000 rwxp 0013c000 08:05 792082                     /usr/lib/libX11.so.6.3.0
7f934f844000-7f934f856000 r-xp 00000000 08:05 821257                     /usr/lib/libXext.so.6.4.0
7f934f856000-7f934fa56000 ---p 00012000 08:05 821257                     /usr/lib/libXext.so.6.4.0
7f934fa56000-7f934fa57000 rwxp 00012000 08:05 821257                     /usr/lib/libXext.so.6.4.0
7f934fa58000-7f934fa61000 r-xs 00000000 08:05 806160                     /var/cache/fontconfig/6d41288fd70b0be22e8c3a91e032eec0-le64.cache-3
7f934fa61000-7f934fa6c000 r-xs 00000000 08:05 795882                     /var/cache/fontconfig/e13b20fdb08344e0e664864cc2ede53d-le64.cache-3
7f934fa6c000-7f934faae000 r-xp 00000000 08:05 1718861                    /usr/lib/jvm/java-6-sun-1.6.0.25/jre/lib/amd64/xawt/libmawt.so
7f934faae000-7f934fbad000 ---p 00042000 08:05 1718861                    /usr/lib/jvm/java-6-sun-1.6.0.25/jre/lib/amd64/xawt/libmawt.so
7f934fbad000-7f934fbb9000 rwxp 00041000 08:05 1718861                    /usr/lib/jvm/java-6-sun-1.6.0.25/jre/lib/amd64/xawt/libmawt.so
7f934fbb9000-7f934fbba000 rwxp 00000000 00:00 0 
7f934fbba000-7f934fc4c000 r-xp 00000000 08:05 1188170                    /usr/lib/jvm/java-6-sun-1.6.0.25/jre/lib/amd64/libawt.so
7f934fc4c000-7f934fd4b000 ---p 00092000 08:05 1188170                    /usr/lib/jvm/java-6-sun-1.6.0.25/jre/lib/amd64/libawt.so
7f934fd4b000-7f934fd64000 rwxp 00091000 08:05 1188170                    /usr/lib/jvm/java-6-sun-1.6.0.25/jre/lib/amd64/libawt.so
7f934fd64000-7f934fd89000 rwxp 00000000 00:00 0 
7f934fd89000-7f934fd9a000 r-xs 001ad000 08:05 1188122                    /usr/lib/jvm/java-6-sun-1.6.0.25/jre/lib/plugin.jar
7f934fd9a000-7f934fda3000 r-xs 000d7000 08:05 1188191                    /usr/lib/jvm/java-6-sun-1.6.0.25/jre/lib/javaws.jar
7f934fda3000-7f934fda6000 r-xs 0001c000 08:05 1188190                    /usr/lib/jvm/java-6-sun-1.6.0.25/jre/lib/alt-rt.jar
7f934fda6000-7f934fdb7000 r-xs 0034a000 08:05 1188090                    /usr/lib/jvm/java-6-sun-1.6.0.25/jre/lib/deploy.jar
7f934fdb7000-7f934fdb8000 ---p 00000000 00:00 0 
7f934fdb8000-7f934feb8000 rwxp 00000000 00:00 0 
7f934feb8000-7f934febb000 ---p 00000000 00:00 0 
7f934febb000-7f934ffb9000 rwxp 00000000 00:00 0 
7f934ffb9000-7f934ffbc000 ---p 00000000 00:00 0 
7f934ffbc000-7f93500ba000 rwxp 00000000 00:00 0 
7f93500ba000-7f93500bd000 ---p 00000000 00:00 0 
7f93500bd000-7f93501bb000 rwxp 00000000 00:00 0 
7f93501bb000-7f93501be000 ---p 00000000 00:00 0 
7f93501be000-7f93502bc000 rwxp 00000000 00:00 0 
7f93502bc000-7f93502bf000 ---p 00000000 00:00 0 
7f93502bf000-7f93503bd000 rwxp 00000000 00:00 0 
7f93503bd000-7f93503c0000 ---p 00000000 00:00 0 
7f93503c0000-7f93504be000 rwxp 00000000 00:00 0 
7f93504be000-7f93504c1000 r-xp 00000000 08:05 1188178                    /usr/lib/jvm/java-6-sun-1.6.0.25/jre/lib/amd64/libdt_socket.so
7f93504c1000-7f93505c0000 ---p 00003000 08:05 1188178                    /usr/lib/jvm/java-6-sun-1.6.0.25/jre/lib/amd64/libdt_socket.so
7f93505c0000-7f93505c2000 rwxp 00002000 08:05 1188178                    /usr/lib/jvm/java-6-sun-1.6.0.25/jre/lib/amd64/libdt_socket.so
7f93505c2000-7f93505c5000 ---p 00000000 00:00 0 
7f93505c5000-7f93506c3000 rwxp 00000000 00:00 0 
7f93506c3000-7f93506c6000 ---p 00000000 00:00 0 
7f93506c6000-7f93507c4000 rwxp 00000000 00:00 0 
7f93507c4000-7f93507c7000 ---p 00000000 00:00 0 
7f93507c7000-7f93508c5000 rwxp 00000000 00:00 0 
7f93508c5000-7f93508c6000 ---p 00000000 00:00 0 
7f93508c6000-7f9350cfd000 rwxp 00000000 00:00 0 
7f9350cfd000-7f9350e95000 r-xs 0302a000 08:05 1188082                    /usr/lib/jvm/java-6-sun-1.6.0.25/jre/lib/rt.jar
7f9350e95000-7f9350ebd000 rwxp 00000000 00:00 0 
7f9350ebd000-7f9350ebe000 ---p 00000000 00:00 0 
7f9350ebe000-7f9350fbe000 rwxp 00000000 00:00 0 
7f9350fbe000-7f9350fbf000 ---p 00000000 00:00 0 
7f9350fbf000-7f93510cd000 rwxp 00000000 00:00 0 
7f93510cd000-7f93510d5000 ---p 00000000 00:00 0 
7f93510d5000-7f93510e8000 rwxp 00000000 00:00 0 
7f93510e8000-7f9351230000 rwxp 00000000 00:00 0 
7f9351230000-7f935123e000 rwxp 00000000 00:00 0 
7f935123e000-7f9351246000 ---p 00000000 00:00 0 
7f9351246000-7f9351259000 rwxp 00000000 00:00 0 
7f9351259000-7f93513a1000 rwxp 00000000 00:00 0 
7f93513a1000-7f9351445000 rwxp 00000000 00:00 0 
7f9351445000-7f93516b6000 rwxp 00000000 00:00 0 
7f93516b6000-7f9354446000 rwxp 00000000 00:00 0 
7f9354446000-7f9354454000 r-xp 00000000 08:05 1188160                    /usr/lib/jvm/java-6-sun-1.6.0.25/jre/lib/amd64/libzip.so
7f9354454000-7f9354556000 ---p 0000e000 08:05 1188160                    /usr/lib/jvm/java-6-sun-1.6.0.25/jre/lib/amd64/libzip.so
7f9354556000-7f9354559000 rwxp 00010000 08:05 1188160                    /usr/lib/jvm/java-6-sun-1.6.0.25/jre/lib/amd64/libzip.so
7f9354559000-7f935455a000 rwxp 00000000 00:00 0 
7f935455a000-7f9354565000 r-xp 00000000 08:05 1191138                    /lib/libnss_files-2.13.so
7f9354565000-7f9354764000 ---p 0000b000 08:05 1191138                    /lib/libnss_files-2.13.so
7f9354764000-7f9354765000 r-xp 0000a000 08:05 1191138                    /lib/libnss_files-2.13.so
7f9354765000-7f9354766000 rwxp 0000b000 08:05 1191138                    /lib/libnss_files-2.13.so
7f9354766000-7f9354770000 r-xp 00000000 08:05 1191134                    /lib/libnss_nis-2.13.so
7f9354770000-7f935496f000 ---p 0000a000 08:05 1191134                    /lib/libnss_nis-2.13.so
7f935496f000-7f9354970000 r-xp 00009000 08:05 1191134                    /lib/libnss_nis-2.13.so
7f9354970000-7f9354971000 rwxp 0000a000 08:05 1191134                    /lib/libnss_nis-2.13.so
7f9354971000-7f9354978000 r-xp 00000000 08:05 1191131                    /lib/libnss_compat-2.13.so
7f9354978000-7f9354b77000 ---p 00007000 08:05 1191131                    /lib/libnss_compat-2.13.so
7f9354b77000-7f9354b78000 r-xp 00006000 08:05 1191131                    /lib/libnss_compat-2.13.so
7f9354b78000-7f9354b79000 rwxp 00007000 08:05 1191131                    /lib/libnss_compat-2.13.so
7f9354b79000-7f9354cf2000 r-xp 00000000 08:05 808336                     /usr/lib/locale/locale-archive
7f9354cf2000-7f9354cf5000 r-xp 00000000 08:05 1188155                    /usr/lib/jvm/java-6-sun-1.6.0.25/jre/lib/amd64/libnpt.so
7f9354cf5000-7f9354df4000 ---p 00003000 08:05 1188155                    /usr/lib/jvm/java-6-sun-1.6.0.25/jre/lib/amd64/libnpt.so
7f9354df4000-7f9354df5000 rwxp 00002000 08:05 1188155                    /usr/lib/jvm/java-6-sun-1.6.0.25/jre/lib/amd64/libnpt.so
7f9354df5000-7f9354e2b000 r-xp 00000000 08:05 1188150                    /usr/lib/jvm/java-6-sun-1.6.0.25/jre/lib/amd64/libjdwp.so
7f9354e2b000-7f9354f2a000 ---p 00036000 08:05 1188150                    /usr/lib/jvm/java-6-sun-1.6.0.25/jre/lib/amd64/libjdwp.so
7f9354f2a000-7f9354f34000 rwxp 00035000 08:05 1188150                    /usr/lib/jvm/java-6-sun-1.6.0.25/jre/lib/amd64/libjdwp.so
7f9354f34000-7f9354f49000 r-xp 00000000 08:05 1191136                    /lib/libnsl-2.13.so
7f9354f49000-7f9355148000 ---p 00015000 08:05 1191136                    /lib/libnsl-2.13.so
7f9355148000-7f9355149000 r-xp 00014000 08:05 1191136                    /lib/libnsl-2.13.so
7f9355149000-7f935514a000 rwxp 00015000 08:05 1191136                    /lib/libnsl-2.13.so
7f935514a000-7f935514c000 rwxp 00000000 00:00 0 
7f935514c000-7f9355175000 r-xp 00000000 08:05 1188167                    /usr/lib/jvm/java-6-sun-1.6.0.25/jre/lib/amd64/libjava.so
7f9355175000-7f9355274000 ---p 00029000 08:05 1188167                    /usr/lib/jvm/java-6-sun-1.6.0.25/jre/lib/amd64/libjava.so
7f9355274000-7f935527b000 rwxp 00028000 08:05 1188167                    /usr/lib/jvm/java-6-sun-1.6.0.25/jre/lib/amd64/libjava.so
7f935527b000-7f9355288000 r-xp 00000000 08:05 1188168                    /usr/lib/jvm/java-6-sun-1.6.0.25/jre/lib/amd64/libverify.so
7f9355288000-7f9355387000 ---p 0000d000 08:05 1188168                    /usr/lib/jvm/java-6-sun-1.6.0.25/jre/lib/amd64/libverify.so
7f9355387000-7f935538a000 rwxp 0000c000 08:05 1188168                    /usr/lib/jvm/java-6-sun-1.6.0.25/jre/lib/amd64/libverify.so
7f935538a000-7f9355391000 r-xp 00000000 08:05 1191137                    /lib/librt-2.13.so
7f9355391000-7f9355590000 ---p 00007000 08:05 1191137                    /lib/librt-2.13.so
7f9355590000-7f9355591000 r-xp 00006000 08:05 1191137                    /lib/librt-2.13.so
7f9355591000-7f9355592000 rwxp 00007000 08:05 1191137                    /lib/librt-2.13.so
7f9355592000-7f9355595000 ---p 00000000 00:00 0 
7f9355595000-7f9355693000 rwxp 00000000 00:00 0 
7f9355693000-7f9355714000 r-xp 00000000 08:05 1191125                    /lib/libm-2.13.so
7f9355714000-7f9355913000 ---p 00081000 08:05 1191125                    /lib/libm-2.13.so
7f9355913000-7f9355914000 r-xp 00080000 08:05 1191125                    /lib/libm-2.13.so
7f9355914000-7f9355915000 rwxp 00081000 08:05 1191125                    /lib/libm-2.13.so
7f9355915000-7f935622f000 r-xp 00000000 08:05 1574111                    /usr/lib/jvm/java-6-sun-1.6.0.25/jre/lib/amd64/server/libjvm.so
7f935622f000-7f9356331000 ---p 0091a000 08:05 1574111                    /usr/lib/jvm/java-6-sun-1.6.0.25/jre/lib/amd64/server/libjvm.so
7f9356331000-7f93564e6000 rwxp 0091c000 08:05 1574111                    /usr/lib/jvm/java-6-sun-1.6.0.25/jre/lib/amd64/server/libjvm.so
7f93564e6000-7f9356520000 rwxp 00000000 00:00 0 
7f9356520000-7f935669a000 r-xp 00000000 08:05 1191119                    /lib/libc-2.13.so
7f935669a000-7f9356899000 ---p 0017a000 08:05 1191119                    /lib/libc-2.13.so
7f9356899000-7f935689d000 r-xp 00179000 08:05 1191119                    /lib/libc-2.13.so
7f935689d000-7f935689e000 rwxp 0017d000 08:05 1191119                    /lib/libc-2.13.so
7f935689e000-7f93568a3000 rwxp 00000000 00:00 0 
7f93568a3000-7f93568a5000 r-xp 00000000 08:05 1191128                    /lib/libdl-2.13.so
7f93568a5000-7f9356aa5000 ---p 00002000 08:05 1191128                    /lib/libdl-2.13.so
7f9356aa5000-7f9356aa6000 r-xp 00002000 08:05 1191128                    /lib/libdl-2.13.so
7f9356aa6000-7f9356aa7000 rwxp 00003000 08:05 1191128                    /lib/libdl-2.13.so
7f9356aa7000-7f9356abe000 r-xp 00000000 08:05 1191122                    /lib/libpthread-2.13.so
7f9356abe000-7f9356cbd000 ---p 00017000 08:05 1191122                    /lib/libpthread-2.13.so
7f9356cbd000-7f9356cbe000 r-xp 00016000 08:05 1191122                    /lib/libpthread-2.13.so
7f9356cbe000-7f9356cbf000 rwxp 00017000 08:05 1191122                    /lib/libpthread-2.13.so
7f9356cbf000-7f9356cc3000 rwxp 00000000 00:00 0 
7f9356cc3000-7f9356ce2000 r-xp 00000000 08:05 1191127                    /lib/ld-2.13.so
7f9356ce2000-7f9356ce3000 r-xs 00000000 08:05 806159                     /var/cache/fontconfig/4794a0821666d79190d59a36cb4f44b5-le64.cache-3
7f9356ce3000-7f9356cf2000 r-xs 00667000 08:05 1187896                    /usr/lib/jvm/java-6-sun-1.6.0.25/jre/lib/charsets.jar
7f9356cf2000-7f9356cfa000 r-xs 00115000 08:05 1188138                    /usr/lib/jvm/java-6-sun-1.6.0.25/jre/lib/resources.jar
7f9356cfa000-7f9356cfd000 r-xs 00013000 08:05 1187894                    /usr/lib/jvm/java-6-sun-1.6.0.25/jre/lib/jce.jar
7f9356cfd000-7f9356d07000 rwxp 00000000 00:00 0 
7f9356d07000-7f9356dbd000 rwxp 00000000 00:00 0 
7f9356dbd000-7f9356dc0000 rwxp 00000000 00:00 0 
7f9356dc0000-7f9356dc7000 r-xp 00000000 08:05 1718859                    /usr/lib/jvm/java-6-sun-1.6.0.25/jre/lib/amd64/jli/libjli.so
7f9356dc7000-7f9356ec8000 ---p 00007000 08:05 1718859                    /usr/lib/jvm/java-6-sun-1.6.0.25/jre/lib/amd64/jli/libjli.so
7f9356ec8000-7f9356eca000 rwxp 00008000 08:05 1718859                    /usr/lib/jvm/java-6-sun-1.6.0.25/jre/lib/amd64/jli/libjli.so
7f9356eca000-7f9356ecb000 rwxp 00000000 00:00 0 
7f9356ecb000-7f9356ecc000 r-xs 00000000 08:05 806159                     /var/cache/fontconfig/4794a0821666d79190d59a36cb4f44b5-le64.cache-3
7f9356ecc000-7f9356ecd000 r-xs 00000000 08:05 1188140                    /usr/lib/jvm/java-6-sun-1.6.0.25/jre/lib/management-agent.jar
7f9356ecd000-7f9356ed4000 r-xs 00094000 08:05 1187897                    /usr/lib/jvm/java-6-sun-1.6.0.25/jre/lib/jsse.jar
7f9356ed4000-7f9356ed6000 r-xs 00009000 08:05 1188124                    /usr/lib/jvm/java-6-sun-1.6.0.25/jre/lib/alt-string.jar
7f9356ed6000-7f9356ede000 rwxs 00000000 08:05 1573314                    /tmp/hsperfdata_blackpanther/23635
7f9356ede000-7f9356edf000 rwxp 00000000 00:00 0 
7f9356edf000-7f9356ee0000 ---p 00000000 00:00 0 
7f9356ee0000-7f9356ee2000 rwxp 00000000 00:00 0 
7f9356ee2000-7f9356ee3000 r-xp 0001f000 08:05 1191127                    /lib/ld-2.13.so
7f9356ee3000-7f9356ee4000 rwxp 00020000 08:05 1191127                    /lib/ld-2.13.so
7f9356ee4000-7f9356ee5000 rwxp 00000000 00:00 0 
7fff64621000-7fff64642000 rwxp 00000000 00:00 0                          [stack]
7fff6464d000-7fff6464e000 r-xp 00000000 00:00 0                          [vdso]
ffffffffff600000-ffffffffff601000 r-xp 00000000 00:00 0                  [vsyscall]

VM Arguments:
jvm_args: -agentlib:jdwp=transport=dt_socket,address=127.0.0.1:53859,suspend=y,server=n -Dfile.encoding=UTF-8 
java_command: org.blackpanther.ecosystem.app.Launcher
Launcher Type: SUN_STANDARD

Environment Variables:
JAVA_HOME=/usr/lib/jvm/java-6-sun/
JRE_HOME=/usr/lib/jvm/java-6-sun/jre
CLASSPATH=../lib/bootstrap.jar:../lib/util.jar:../lib/jdom.jar:../lib/log4j.jar:../lib/extensions.jar:../lib/trove4j.jar:/usr/lib/jvm/java-6-sun//lib/tools.jar:
PATH=/home/blackpanther/local/typesafe-stack/bin:/home/blackpanther/local/phpstorm/bin:/home/blackpanther/local/idea/bin:/home/blackpanther/local/git-flow/bin:/home/blackpanther/local/apache-tomcat/bin:/home/blackpanther/local/apache-maven/bin:/home/blackpanther/local/bin:/opt/local/bin:/usr/bin:/sbin:/bin:/home/blackpanther/bin:/usr/local/bin:/usr/bin:/bin:/usr/local/games:/usr/games
USERNAME=blackpanther
LD_LIBRARY_PATH=/usr/lib/jvm/java-6-sun-1.6.0.25/jre/lib/amd64/server:/usr/lib/jvm/java-6-sun-1.6.0.25/jre/lib/amd64:/usr/lib/jvm/java-6-sun-1.6.0.25/jre/../lib/amd64:.:
SHELL=/bin/zsh
DISPLAY=:0.0

Signal Handlers:
SIGSEGV: [libjvm.so+0x85f690], sa_mask[0]=0x7ffbfeff, sa_flags=0x10000004
SIGBUS: [libjvm.so+0x85f690], sa_mask[0]=0x7ffbfeff, sa_flags=0x10000004
SIGFPE: [libjvm.so+0x70e190], sa_mask[0]=0x7ffbfeff, sa_flags=0x10000004
SIGPIPE: [libjvm.so+0x70e190], sa_mask[0]=0x7ffbfeff, sa_flags=0x10000004
SIGXFSZ: [libjvm.so+0x70e190], sa_mask[0]=0x7ffbfeff, sa_flags=0x10000004
SIGILL: [libjvm.so+0x70e190], sa_mask[0]=0x7ffbfeff, sa_flags=0x10000004
SIGUSR1: SIG_DFL, sa_mask[0]=0x00000000, sa_flags=0x00000000
SIGUSR2: [libjvm.so+0x710fa0], sa_mask[0]=0x00000004, sa_flags=0x10000004
SIGHUP: [libjvm.so+0x710ba0], sa_mask[0]=0x7ffbfeff, sa_flags=0x10000004
SIGINT: [libjvm.so+0x710ba0], sa_mask[0]=0x7ffbfeff, sa_flags=0x10000004
SIGTERM: [libjvm.so+0x710ba0], sa_mask[0]=0x7ffbfeff, sa_flags=0x10000004
SIGQUIT: [libjvm.so+0x710ba0], sa_mask[0]=0x7ffbfeff, sa_flags=0x10000004


---------------  S Y S T E M  ---------------

OS:wheezy/sid

uname:Linux 2.6.38-2-amd64 #1 SMP Sun May 8 13:51:57 UTC 2011 x86_64
libc:glibc 2.13 NPTL 2.13 
rlimit: STACK 8192k, CORE 0k, NPROC 31373, NOFILE 1024, AS infinity
load average:1.84 0.65 0.32

/proc/meminfo:
MemTotal:        4027508 kB
MemFree:           89908 kB
Buffers:            1524 kB
Cached:            87428 kB
SwapCached:        27312 kB
Active:          2645444 kB
Inactive:         990624 kB
Active(anon):    2625872 kB
Inactive(anon):   936860 kB
Active(file):      19572 kB
Inactive(file):    53764 kB
Unevictable:          52 kB
Mlocked:              52 kB
SwapTotal:       8193112 kB
SwapFree:        7843680 kB
Dirty:               100 kB
Writeback:             0 kB
AnonPages:       3525236 kB
Mapped:           115444 kB
Shmem:             15600 kB
Slab:              57636 kB
SReclaimable:      29612 kB
SUnreclaim:        28024 kB
KernelStack:        4320 kB
PageTables:        51768 kB
NFS_Unstable:          0 kB
Bounce:                0 kB
WritebackTmp:          0 kB
CommitLimit:    10206864 kB
Committed_AS:    6619044 kB
VmallocTotal:   34359738367 kB
VmallocUsed:      308700 kB
VmallocChunk:   34359402728 kB
HardwareCorrupted:     0 kB
AnonHugePages:         0 kB
HugePages_Total:       0
HugePages_Free:        0
HugePages_Rsvd:        0
HugePages_Surp:        0
Hugepagesize:       2048 kB
DirectMap4k:      284672 kB
DirectMap2M:     3876864 kB


CPU:total 2 (2 cores per cpu, 1 threads per core) family 6 model 23 stepping 10, cmov, cx8, fxsr, mmx, sse, sse2, sse3, ssse3, sse4.1

/proc/cpuinfo:
processor	: 0
vendor_id	: GenuineIntel
cpu family	: 6
model		: 2